<?xml version="1.0" encoding="UTF-8"?>
<testsuite xmlns:xsi="http://www.w3.org/2001/XMLSchema-instance" xsi:noNamespaceSchemaLocation="https://maven.apache.org/surefire/maven-surefire-plugin/xsd/surefire-test-report.xsd" name="Runner.TestRunner" time="13.082" tests="1" errors="0" skipped="0" failures="0">
  <properties>
    <property name="sun.desktop" value="windows"/>
    <property name="awt.toolkit" value="sun.awt.windows.WToolkit"/>
    <property name="java.specification.version" value="11"/>
    <property name="sun.cpu.isalist" value="amd64"/>
    <property name="sun.jnu.encoding" value="Cp1252"/>
    <property name="java.class.path" value="C:\Automation\CWB\Karate\training\target\test-classes;C:\Automation\CWB\Karate\training\target\classes;C:\Users\Haitham.Mahmoud\.m2\repository\com\intuit\karate\karate-junit4\0.9.6\karate-junit4-0.9.6.jar;C:\Users\Haitham.Mahmoud\.m2\repository\com\intuit\karate\karate-core\0.9.6\karate-core-0.9.6.jar;C:\Users\Haitham.Mahmoud\.m2\repository\com\jayway\jsonpath\json-path\2.4.0\json-path-2.4.0.jar;C:\Users\Haitham.Mahmoud\.m2\repository\info\cukes\cucumber-java\1.2.5\cucumber-java-1.2.5.jar;C:\Users\Haitham.Mahmoud\.m2\repository\info\cukes\cucumber-core\1.2.5\cucumber-core-1.2.5.jar;C:\Users\Haitham.Mahmoud\.m2\repository\org\yaml\snakeyaml\1.24\snakeyaml-1.24.jar;C:\Users\Haitham.Mahmoud\.m2\repository\de\siegmar\fastcsv\1.0.3\fastcsv-1.0.3.jar;C:\Users\Haitham.Mahmoud\.m2\repository\info\picocli\picocli\4.0.3\picocli-4.0.3.jar;C:\Users\Haitham.Mahmoud\.m2\repository\junit\junit\4.12\junit-4.12.jar;C:\Users\Haitham.Mahmoud\.m2\repository\org\hamcrest\hamcrest-core\1.3\hamcrest-core-1.3.jar;C:\Users\Haitham.Mahmoud\.m2\repository\ch\qos\logback\logback-classic\1.2.3\logback-classic-1.2.3.jar;C:\Users\Haitham.Mahmoud\.m2\repository\ch\qos\logback\logback-core\1.2.3\logback-core-1.2.3.jar;C:\Users\Haitham.Mahmoud\.m2\repository\org\slf4j\slf4j-api\1.7.25\slf4j-api-1.7.25.jar;C:\Users\Haitham.Mahmoud\.m2\repository\com\intuit\karate\karate-apache\0.9.6\karate-apache-0.9.6.jar;C:\Users\Haitham.Mahmoud\.m2\repository\org\apache\httpcomponents\httpclient\4.5.12\httpclient-4.5.12.jar;C:\Users\Haitham.Mahmoud\.m2\repository\org\apache\httpcomponents\httpcore\4.4.13\httpcore-4.4.13.jar;C:\Users\Haitham.Mahmoud\.m2\repository\commons-codec\commons-codec\1.11\commons-codec-1.11.jar;C:\Users\Haitham.Mahmoud\.m2\repository\org\apache\httpcomponents\httpmime\4.5.12\httpmime-4.5.12.jar;C:\Users\Haitham.Mahmoud\.m2\repository\org\slf4j\jcl-over-slf4j\1.7.25\jcl-over-slf4j-1.7.25.jar;C:\Users\Haitham.Mahmoud\.m2\repository\com\nimbusds\nimbus-jose-jwt\6.1\nimbus-jose-jwt-6.1.jar;C:\Users\Haitham.Mahmoud\.m2\repository\com\github\stephenc\jcip\jcip-annotations\1.0-1\jcip-annotations-1.0-1.jar;C:\Users\Haitham.Mahmoud\.m2\repository\net\minidev\json-smart\2.3\json-smart-2.3.jar;C:\Users\Haitham.Mahmoud\.m2\repository\net\minidev\accessors-smart\1.2\accessors-smart-1.2.jar;C:\Users\Haitham.Mahmoud\.m2\repository\org\ow2\asm\asm\5.0.4\asm-5.0.4.jar;C:\Users\Haitham.Mahmoud\.m2\repository\org\apache\logging\log4j\log4j-core\2.16.0\log4j-core-2.16.0.jar;C:\Users\Haitham.Mahmoud\.m2\repository\org\apache\logging\log4j\log4j-api\2.16.0\log4j-api-2.16.0.jar;C:\Users\Haitham.Mahmoud\.m2\repository\com\codepine\api\testrail-api-java-client\2.0.1\testrail-api-java-client-2.0.1.jar;C:\Users\Haitham.Mahmoud\.m2\repository\com\fasterxml\jackson\core\jackson-databind\2.3.1\jackson-databind-2.3.1.jar;C:\Users\Haitham.Mahmoud\.m2\repository\com\fasterxml\jackson\core\jackson-annotations\2.3.0\jackson-annotations-2.3.0.jar;C:\Users\Haitham.Mahmoud\.m2\repository\com\fasterxml\jackson\core\jackson-core\2.3.1\jackson-core-2.3.1.jar;C:\Users\Haitham.Mahmoud\.m2\repository\com\google\guava\guava\21.0\guava-21.0.jar;C:\Users\Haitham.Mahmoud\.m2\repository\log4j\log4j\1.2.17\log4j-1.2.17.jar;C:\Users\Haitham.Mahmoud\.m2\repository\com\google\code\gson\gson\2.8.6\gson-2.8.6.jar;C:\Users\Haitham.Mahmoud\.m2\repository\org\jasypt\jasypt\1.9.3\jasypt-1.9.3.jar;C:\Users\Haitham.Mahmoud\.m2\repository\javax\xml\bind\jaxb-api\2.3.1\jaxb-api-2.3.1.jar;C:\Users\Haitham.Mahmoud\.m2\repository\javax\activation\javax.activation-api\1.2.0\javax.activation-api-1.2.0.jar;"/>
    <property name="java.vm.vendor" value="Oracle Corporation"/>
    <property name="sun.arch.data.model" value="64"/>
    <property name="karate.env" value="dev"/>
    <property name="user.variant" value=""/>
    <property name="java.vendor.url" value="https://openjdk.java.net/"/>
    <property name="user.timezone" value="Australia/Sydney"/>
    <property name="java.vm.specification.version" value="11"/>
    <property name="os.name" value="Windows 10"/>
    <property name="sun.java.launcher" value="SUN_STANDARD"/>
    <property name="user.country" value="US"/>
    <property name="sun.boot.library.path" value="C:\Program Files\Java\jdk-11.0.12\bin"/>
    <property name="sun.java.command" value="C:\Users\HAITHA~1.MAH\AppData\Local\Temp\surefire11655396125154454222\surefirebooter1120458604407367477.jar C:\Users\Haitham.Mahmoud\AppData\Local\Temp\surefire11655396125154454222 2022-03-06T11-11-01_600-jvmRun1 surefire5504171237729481813tmp surefire_04762741040265553372tmp"/>
    <property name="jdk.debug" value="release"/>
    <property name="test" value="TestRunner"/>
    <property name="surefire.test.class.path" value="C:\Automation\CWB\Karate\training\target\test-classes;C:\Automation\CWB\Karate\training\target\classes;C:\Users\Haitham.Mahmoud\.m2\repository\com\intuit\karate\karate-junit4\0.9.6\karate-junit4-0.9.6.jar;C:\Users\Haitham.Mahmoud\.m2\repository\com\intuit\karate\karate-core\0.9.6\karate-core-0.9.6.jar;C:\Users\Haitham.Mahmoud\.m2\repository\com\jayway\jsonpath\json-path\2.4.0\json-path-2.4.0.jar;C:\Users\Haitham.Mahmoud\.m2\repository\info\cukes\cucumber-java\1.2.5\cucumber-java-1.2.5.jar;C:\Users\Haitham.Mahmoud\.m2\repository\info\cukes\cucumber-core\1.2.5\cucumber-core-1.2.5.jar;C:\Users\Haitham.Mahmoud\.m2\repository\org\yaml\snakeyaml\1.24\snakeyaml-1.24.jar;C:\Users\Haitham.Mahmoud\.m2\repository\de\siegmar\fastcsv\1.0.3\fastcsv-1.0.3.jar;C:\Users\Haitham.Mahmoud\.m2\repository\info\picocli\picocli\4.0.3\picocli-4.0.3.jar;C:\Users\Haitham.Mahmoud\.m2\repository\junit\junit\4.12\junit-4.12.jar;C:\Users\Haitham.Mahmoud\.m2\repository\org\hamcrest\hamcrest-core\1.3\hamcrest-core-1.3.jar;C:\Users\Haitham.Mahmoud\.m2\repository\ch\qos\logback\logback-classic\1.2.3\logback-classic-1.2.3.jar;C:\Users\Haitham.Mahmoud\.m2\repository\ch\qos\logback\logback-core\1.2.3\logback-core-1.2.3.jar;C:\Users\Haitham.Mahmoud\.m2\repository\org\slf4j\slf4j-api\1.7.25\slf4j-api-1.7.25.jar;C:\Users\Haitham.Mahmoud\.m2\repository\com\intuit\karate\karate-apache\0.9.6\karate-apache-0.9.6.jar;C:\Users\Haitham.Mahmoud\.m2\repository\org\apache\httpcomponents\httpclient\4.5.12\httpclient-4.5.12.jar;C:\Users\Haitham.Mahmoud\.m2\repository\org\apache\httpcomponents\httpcore\4.4.13\httpcore-4.4.13.jar;C:\Users\Haitham.Mahmoud\.m2\repository\commons-codec\commons-codec\1.11\commons-codec-1.11.jar;C:\Users\Haitham.Mahmoud\.m2\repository\org\apache\httpcomponents\httpmime\4.5.12\httpmime-4.5.12.jar;C:\Users\Haitham.Mahmoud\.m2\repository\org\slf4j\jcl-over-slf4j\1.7.25\jcl-over-slf4j-1.7.25.jar;C:\Users\Haitham.Mahmoud\.m2\repository\com\nimbusds\nimbus-jose-jwt\6.1\nimbus-jose-jwt-6.1.jar;C:\Users\Haitham.Mahmoud\.m2\repository\com\github\stephenc\jcip\jcip-annotations\1.0-1\jcip-annotations-1.0-1.jar;C:\Users\Haitham.Mahmoud\.m2\repository\net\minidev\json-smart\2.3\json-smart-2.3.jar;C:\Users\Haitham.Mahmoud\.m2\repository\net\minidev\accessors-smart\1.2\accessors-smart-1.2.jar;C:\Users\Haitham.Mahmoud\.m2\repository\org\ow2\asm\asm\5.0.4\asm-5.0.4.jar;C:\Users\Haitham.Mahmoud\.m2\repository\org\apache\logging\log4j\log4j-core\2.16.0\log4j-core-2.16.0.jar;C:\Users\Haitham.Mahmoud\.m2\repository\org\apache\logging\log4j\log4j-api\2.16.0\log4j-api-2.16.0.jar;C:\Users\Haitham.Mahmoud\.m2\repository\com\codepine\api\testrail-api-java-client\2.0.1\testrail-api-java-client-2.0.1.jar;C:\Users\Haitham.Mahmoud\.m2\repository\com\fasterxml\jackson\core\jackson-databind\2.3.1\jackson-databind-2.3.1.jar;C:\Users\Haitham.Mahmoud\.m2\repository\com\fasterxml\jackson\core\jackson-annotations\2.3.0\jackson-annotations-2.3.0.jar;C:\Users\Haitham.Mahmoud\.m2\repository\com\fasterxml\jackson\core\jackson-core\2.3.1\jackson-core-2.3.1.jar;C:\Users\Haitham.Mahmoud\.m2\repository\com\google\guava\guava\21.0\guava-21.0.jar;C:\Users\Haitham.Mahmoud\.m2\repository\log4j\log4j\1.2.17\log4j-1.2.17.jar;C:\Users\Haitham.Mahmoud\.m2\repository\com\google\code\gson\gson\2.8.6\gson-2.8.6.jar;C:\Users\Haitham.Mahmoud\.m2\repository\org\jasypt\jasypt\1.9.3\jasypt-1.9.3.jar;C:\Users\Haitham.Mahmoud\.m2\repository\javax\xml\bind\jaxb-api\2.3.1\jaxb-api-2.3.1.jar;C:\Users\Haitham.Mahmoud\.m2\repository\javax\activation\javax.activation-api\1.2.0\javax.activation-api-1.2.0.jar;"/>
    <property name="sun.cpu.endian" value="little"/>
    <property name="user.home" value="C:\Users\Haitham.Mahmoud"/>
    <property name="user.language" value="en"/>
    <property name="java.specification.vendor" value="Oracle Corporation"/>
    <property name="java.version.date" value="2021-07-20"/>
    <property name="java.home" value="C:\Program Files\Java\jdk-11.0.12"/>
    <property name="file.separator" value="\"/>
    <property name="basedir" value="C:\Automation\CWB\Karate\training"/>
    <property name="java.vm.compressedOopsMode" value="32-bit"/>
    <property name="line.separator" value="&#10;"/>
    <property name="java.specification.name" value="Java Platform API Specification"/>
    <property name="java.vm.specification.vendor" value="Oracle Corporation"/>
    <property name="java.awt.graphicsenv" value="sun.awt.Win32GraphicsEnvironment"/>
    <property name="karate.options" value="--tags @E2E"/>
    <property name="surefire.real.class.path" value="C:\Users\HAITHA~1.MAH\AppData\Local\Temp\surefire11655396125154454222\surefirebooter1120458604407367477.jar"/>
    <property name="user.script" value=""/>
    <property name="sun.management.compiler" value="HotSpot 64-Bit Tiered Compilers"/>
    <property name="java.runtime.version" value="11.0.12+8-LTS-237"/>
    <property name="user.name" value="Haitham.Mahmoud"/>
    <property name="path.separator" value=";"/>
    <property name="os.version" value="10.0"/>
    <property name="java.runtime.name" value="Java(TM) SE Runtime Environment"/>
    <property name="file.encoding" value="UTF-8"/>
    <property name="java.vm.name" value="Java HotSpot(TM) 64-Bit Server VM"/>
    <property name="java.vendor.version" value="18.9"/>
    <property name="localRepository" value="C:\Users\Haitham.Mahmoud\.m2\repository"/>
    <property name="java.vendor.url.bug" value="https://bugreport.java.com/bugreport/"/>
    <property name="java.io.tmpdir" value="C:\Users\HAITHA~1.MAH\AppData\Local\Temp\"/>
    <property name="java.version" value="11.0.12"/>
    <property name="user.dir" value="C:\Automation\CWB\Karate\training"/>
    <property name="os.arch" value="amd64"/>
    <property name="java.vm.specification.name" value="Java Virtual Machine Specification"/>
    <property name="java.awt.printerjob" value="sun.awt.windows.WPrinterJob"/>
    <property name="sun.os.patch.level" value=""/>
    <property name="java.library.path" value="C:\Program Files\Java\jdk-11.0.12\bin;C:\Windows\Sun\Java\bin;C:\Windows\system32;C:\Windows;C:\Users\Haitham.Mahmoud\bin;C:\Program Files\Git\mingw64\bin;C:\Program Files\Git\usr\local\bin;C:\Program Files\Git\usr\bin;C:\Program Files\Git\usr\bin;C:\Program Files\Git\mingw64\bin;C:\Program Files\Git\usr\bin;C:\Users\Haitham.Mahmoud\bin;C:\Program Files\Common Files\Oracle\Java\javapath;C:\Windows\system32;C:\Windows;C:\Windows\System32\Wbem;C:\Windows\System32\WindowsPowerShell\v1.0;C:\Windows\System32\OpenSSH;C:\Users\Haitham.Mahmoud\Downloads\apache-maven-3.8.4\bin;C:\Program Files\Git\cmd;C:\Program Files\Java\jdk-11.0.12\bin;C:\Program Files\dotnet;C:\ProgramData\chocolatey\bin;C:\Users\Haitham.Mahmoud\AppData\Local\Microsoft\WindowsApps;C:\Users\Haitham.Mahmoud\.dotnet\tools;C:\Users\Haitham.Mahmoud\AppData\Local\Programs\Microsoft VS Code\bin;C:\Users\Haitham.Mahmoud\AppData\Local\GitHubDesktop\bin;C:\Program Files (x86)\BrowserStackLocal;C:\Program Files\Git\usr\bin\vendor_perl;C:\Program Files\Git\usr\bin\core_perl;."/>
    <property name="java.vendor" value="Oracle Corporation"/>
    <property name="java.vm.info" value="mixed mode"/>
    <property name="java.vm.version" value="11.0.12+8-LTS-237"/>
    <property name="sun.io.unicode.encoding" value="UnicodeLittle"/>
    <property name="java.class.version" value="55.0"/>
  </properties>
  <testcase name="testParallel" classname="Runner.TestRunner" time="13.018"/>
</testsuite>